<?xml version="1.0" encoding="utf-8"?><testsuites name="pytest tests"><testsuite name="pytest" errors="0" failures="8" skipped="0" tests="642" time="28.671" timestamp="2026-08-31T14:17:40.762797+08:00" hostname="F"><testcase classname="tests.extension.test_config" name="test_default_closed" time="0.013" /><testcase classname="tests.extension.test_config" name="test_enabled_via_workspace" time="0.005" /><testcase classname="tests.extension.test_config" name="test_workspace_overrides_home" time="0.006" /><testcase classname="tests.extension.test_config" name="test_skill_default_enabled_with_plugin" time="0.007" /><testcase classname="tests.extension.test_config" name="test_set_plugin_enabled" time="0.026" /><testcase classname="tests.extension.test_config" name="test_bad_json_falls_back_empty" time="0.004" /><testcase classname="tests.extension.test_demo_e2e" name="test_demo_plugin_end_to_end" time="0.018" /><testcase classname="tests.extension.test_loader" name="test_discover_workspace_plugin" time="0.008" /><testcase classname="tests.extension.test_loader" name="test_disabled_plugin_not_enabled" time="0.008" /><testcase classname="tests.extension.test_loader" name="test_workspace_overrides_home_same_name" time="0.022" /><testcase classname="tests.extension.test_loader" name="test_bad_manifest_skipped" time="0.004" /><testcase classname="tests.extension.test_manifest" name="test_load_valid_manifest" time="0.006" /><testcase classname="tests.extension.test_manifest" name="test_missing_plugin_json" time="0.004" /><testcase classname="tests.extension.test_manifest" name="test_bad_json" time="0.004" /><testcase classname="tests.extension.test_manifest" name="test_invalid_path_escaping" time="0.006" /><testcase classname="tests.extension.test_manifest" name="test_requires_at_least_one" time="0.004" /><testcase classname="tests.extension.test_manifest" name="test_invalid_name" time="0.005" /><testcase classname="tests.extension.test_manifest" name="test_version_at_least" time="0.003" /><testcase classname="tests.extension.test_manifest" name="test_mcp_spec_parsed" time="0.005" /><testcase classname="tests.extension.test_skill_loader" name="test_frontmatter_description" time="0.029" /><testcase classname="tests.extension.test_skill_loader" name="test_fallback_to_heading" time="0.007" /><testcase classname="tests.extension.test_skill_loader" name="test_plugin_skill_merged" time="0.008" /><testcase classname="tests.extension.test_skill_loader" name="test_same_name_not_overridden_default" time="0.011" /><testcase classname="tests.extension.test_skill_store" name="test_read_default_empty" time="0.003" /><testcase classname="tests.extension.test_skill_store" name="test_install_and_load" time="0.021" /><testcase classname="tests.extension.test_skill_store" name="test_remove" time="0.032" /><testcase classname="tests.extension.test_skill_store" name="test_detect_drift" time="0.017" /><testcase classname="tests.extension.test_skill_store" name="test_write_lock_roundtrip" time="0.004" /><testcase classname="tests.extension.test_skill_store" name="test_default_lock_path_in_home" time="0.003" /><testcase classname="tests.test_abort" name="test_abort_mid_stream" time="1.024" /><testcase classname="tests.test_agent_mode" name="test_ask_and_plan_only_allow_readonly_tools" time="0.002" /><testcase classname="tests.test_agent_mode" name="test_ask_mode_uses_tool_is_read_only_flag" time="0.002" /><testcase classname="tests.test_agent_mode" name="test_plan_allows_exit_plan_mode_but_not_write" time="0.002" /><testcase classname="tests.test_agent_mode" name="test_tool_registry_denies_write_in_ask_mode" time="0.006" /><testcase classname="tests.test_agent_mode" name="test_mode_prompt_helpers_remain_agent_by_default" time="0.003" /><testcase classname="tests.test_agent_scope" name="test_scope_for_main_vs_sub" time="0.002" /><testcase classname="tests.test_agent_scope" name="test_scoped_session_id_isolates_subagent" time="0.002" /><testcase classname="tests.test_agent_scope" name="test_filter_tool_names_strips_memory_for_sub" time="0.004" /><testcase classname="tests.test_agent_scope" name="test_format_subagent_summary_with_candidates" time="0.003" /><testcase classname="tests.test_agent_scope" name="test_attach_subagent_result_tool_path" time="0.002" /><testcase classname="tests.test_agent_scope" name="test_attach_subagent_result_fallback_user_message" time="0.002" /><testcase classname="tests.test_agent_scope" name="test_normalize_and_enqueue_candidates" time="0.020" /><testcase classname="tests.test_agent_scope" name="test_persist_multi_agent_turn_no_extra_user_bubble" time="0.005" /><testcase classname="tests.test_agent_scope" name="test_append_candidates_dedupes" time="0.036" /><testcase classname="tests.test_agent_tool" name="test_agent_in_default_registry" time="0.003" /><testcase classname="tests.test_agent_tool" name="test_subagent_registry_bounded_and_excludes_forbidden" time="0.003" /><testcase classname="tests.test_agent_tool" name="test_subagent_registry_includes_journal_query" time="0.003" /><testcase classname="tests.test_agent_tool" name="test_agent_tool_concurrency_safe" time="0.006" /><testcase classname="tests.test_agent_tool" name="test_journal_query_execute" time="0.005" /><testcase classname="tests.test_agent_tool" name="test_subagent_registry_injects_write_store" time="0.004" /><testcase classname="tests.test_agent_tool" name="test_subagent_context_a3_stable_and_forbidden_removed" time="0.002" /><testcase classname="tests.test_agent_tool" name="test_agent_tool_no_runtime_safe_error" time="0.004" /><testcase classname="tests.test_agent_tool" name="test_agent_tool_max_depth_rejected" time="0.004" /><testcase classname="tests.test_agent_tool" name="test_write_store_submit_sync_stale_rejects" time="0.042" /><testcase classname="tests.test_agent_tool" name="test_scheduler_toposort_and_scope_conflict" time="0.003" /><testcase classname="tests.test_agent_tool" name="test_flush_subagent_snapshot" time="0.005" /><testcase classname="tests.test_agent_tool" name="test_sidechain_gc" time="0.004" /><testcase classname="tests.test_agent_tool_as_tool" name="test_emit_progress_noop_without_sink" time="0.004" /><testcase classname="tests.test_agent_tool_as_tool" name="test_emit_progress_delivers_to_sink" time="0.003" /><testcase classname="tests.test_agent_tool_as_tool" name="test_agent_tool_emits_failed_progress_without_runtime" time="0.005" /><testcase classname="tests.test_agent_tool_as_tool" name="test_partition_allows_multiple_agents_concurrent" time="0.003" /><testcase classname="tests.test_agent_tool_as_tool" name="test_agent_always_registered_soft_hint" time="0.003" /><testcase classname="tests.test_agent_tool_orchestration_e2e" name="test_agent_tool_progress_xy_through_orchestration" time="0.007" /><testcase classname="tests.test_ask_user_question" name="test_registry_ask_creates_pending_and_does_not_execute" time="0.004" /><testcase classname="tests.test_ask_user_question" name="test_registry_ask_requires_question" time="0.003" /><testcase classname="tests.test_ask_user_question" name="test_registry_ask_without_coordinator_errors" time="0.003" /><testcase classname="tests.test_ask_user_question" name="test_store_resolve_then_wait_returns_answer" time="0.004" /><testcase classname="tests.test_ask_user_question" name="test_store_resolve_is_idempotent" time="0.004" /><testcase classname="tests.test_ask_user_question" name="test_store_timeout_returns_unresolved" time="0.063" /><testcase classname="tests.test_ask_user_question" name="test_pending_events_carry_question_and_answer" time="0.004" /><testcase classname="tests.test_audit_api" name="test_audit_events_empty" time="0.035" /><testcase classname="tests.test_audit_api" name="test_audit_events_filter_session_kind_and_pagination" time="0.028" /><testcase classname="tests.test_audit_api" name="test_audit_events_kind_prefix_and_since" time="0.014" /><testcase classname="tests.test_audit_api" name="test_audit_events_tolerates_bad_lines" time="0.028" /><testcase classname="tests.test_audit_api" name="test_audit_events_bootstrap_after_permission_and_tool" time="0.026" /><testcase classname="tests.test_audit_log" name="test_audit_log_appends_jsonl_and_tolerates_bad_lines" time="0.030" /><testcase classname="tests.test_audit_log" name="test_default_audit_log_env_path" time="0.003" /><testcase classname="tests.test_audit_log" name="test_audit_log_query_newest_first_and_filters" time="0.006" /><testcase classname="tests.test_audit_log" name="test_allow_records_tool_started_finished" time="0.019" /><testcase classname="tests.test_audit_log" name="test_deny_records_permission_denied" time="0.018" /><testcase classname="tests.test_audit_log" name="test_coordinator_records_pending_and_resolved" time="0.024" /><testcase classname="tests.test_audit_log" name="test_audit_record_redacts_command_summary" time="0.023" /><testcase classname="tests.test_audit_log" name="test_store_resolve_writes_resolved_audit" time="0.023" /><testcase classname="tests.test_audit_log" name="test_timeout_records_resolved_once" time="0.234" /><testcase classname="tests.test_bash_background" name="test_background_respects_parent_abort" time="0.446" /><testcase classname="tests.test_bash_background" name="test_cancel_background_by_task_id" time="0.467" /><testcase classname="tests.test_bash_policy" name="test_allows_benign" time="0.003" /><testcase classname="tests.test_bash_policy" name="test_denies_destructive_root" time="0.004" /><testcase classname="tests.test_bash_policy" name="test_denies_remote_exec_bypasses" time="0.005" /><testcase classname="tests.test_bash_policy" name="test_denies_power_and_wipe" time="0.005" /><testcase classname="tests.test_bash_policy" name="test_denies_fork_bomb" time="0.004" /><testcase classname="tests.test_bash_policy" name="test_git_diff_exit1_not_error" time="0.004" /><testcase classname="tests.test_bash_policy" name="test_git_grep_exit1_not_error" time="0.003" /><testcase classname="tests.test_bash_policy" name="test_git_subcommand_with_global_opts" time="0.003" /><testcase classname="tests.test_bash_policy" name="test_git_merge_exit1_still_error" time="0.003" /><testcase classname="tests.test_blob_gc" name="test_reachable_collected_from_journals" time="0.008" /><testcase classname="tests.test_blob_gc" name="test_cross_session_shared_blob_survives" time="0.010" /><testcase classname="tests.test_blob_gc" name="test_dry_run_and_disabled_never_delete" time="0.006"><failure message="AssertionError: assert (True and False)&#10; +  where True = is_file()&#10; +    where is_file = (WindowsPath('C:/Users/48522/AppData/Local/Temp/pytest-of-48522/pytest-828/test_dry_run_and_disabled_neve0/snapshots') / 'ca978112ca1bbdcafac231b39a23dc4da786eff8147c4e72b9807785afee48bb').is_file&#10; +  and   False = is_file()&#10; +    where is_file = (WindowsPath('C:/Users/48522/AppData/Local/Temp/pytest-of-48522/pytest-828/test_dry_run_and_disabled_neve0/snapshots') / '3e23e8160039594a33894f6564e1b1348bbd7a0088d42c4acb73eeaed59c009d').is_file">E   AssertionError: assert (True and False)
     +  where True = is_file()
     +    where is_file = (WindowsPath('C:/Users/48522/AppData/Local/Temp/pytest-of-48522/pytest-828/test_dry_run_and_disabled_neve0/snapshots') / 'ca978112ca1bbdcafac231b39a23dc4da786eff8147c4e72b9807785afee48bb').is_file
     +  and   False = is_file()
     +    where is_file = (WindowsPath('C:/Users/48522/AppData/Local/Temp/pytest-of-48522/pytest-828/test_dry_run_and_disabled_neve0/snapshots') / '3e23e8160039594a33894f6564e1b1348bbd7a0088d42c4acb73eeaed59c009d').is_file</failure></testcase><testcase classname="tests.test_blob_gc" name="test_no_gc_within_budget" time="0.006" /><testcase classname="tests.test_blob_gc" name="test_list_snapshot_blobs_filters_junk" time="0.005" /><testcase classname="tests.test_blob_gc" name="test_snapshot_root_default" time="0.004" /><testcase classname="tests.test_blob_gc" name="test_retained_turn_ids_recent_n_plus_baseline_anchor" time="0.006" /><testcase classname="tests.test_blob_gc" name="test_turn_level_prune_old_turn_blobs" time="0.009" /><testcase classname="tests.test_blob_gc" name="test_mark_checkpoint_anchor_persists_anchor" time="0.046" /><testcase classname="tests.test_blob_gc" name="test_retained_checkpoint_ids_near_n_plus_baseline" time="0.008" /><testcase classname="tests.test_blob_gc" name="test_anchor_checkpoint_always_retained" time="0.005" /><testcase classname="tests.test_blob_gc" name="test_keep_recent_prunes_old_checkpoint_blob" time="0.009" /><testcase classname="tests.test_budget" name="test_get_model_pricing_uses_vendor_table" time="0.004" /><testcase classname="tests.test_budget" name="test_get_model_pricing_legacy_table_shape" time="0.004" /><testcase classname="tests.test_budget" name="test_pricing_ttl_default_and_env" time="0.005" /><testcase classname="tests.test_budget" name="test_disk_cache_avoids_network" time="0.019" /><testcase classname="tests.test_budget" name="test_stale_disk_fallback_when_offline" time="0.021" /><testcase classname="tests.test_budget" name="test_fetch_refreshes_disk_cache" time="0.030" /><testcase classname="tests.test_budget" name="test_get_model_pricing_local_fallback" time="0.003" /><testcase classname="tests.test_budget" name="test_estimate_usd_uses_user_model" time="0.003" /><testcase classname="tests.test_budget" name="test_budget_tracker_uses_selected_model" time="0.003" /><testcase classname="tests.test_budget" name="test_no_usd_limit_uses_local_pricing_only" time="0.003" /><testcase classname="tests.test_budget" name="test_price_fetch_disabled_via_env" time="0.004" /><testcase classname="tests.test_budget" name="test_add_usage_accumulates_tokens_and_usd" time="0.004" /><testcase classname="tests.test_budget" name="test_add_usage_prefers_vendor_usd" time="0.004" /><testcase classname="tests.test_budget" name="test_cache_hit_cheaper" time="0.003" /><testcase classname="tests.test_budget" name="test_add_usage_none_is_noop" time="0.003" /><testcase classname="tests.test_budget" name="test_over_budget_property" time="0.005" /><testcase classname="tests.test_budget" name="test_reset_for_new_submit" time="0.079" /><testcase classname="tests.test_budget" name="test_max_budget_usd_from_env" time="0.005" /><testcase classname="tests.test_budget" name="test_submit_stops_on_budget_usd" time="0.484" /><testcase classname="tests.test_budget" name="test_submit_without_limit_is_unchanged" time="0.270" /><testcase classname="tests.test_budget" name="test_env_budget_usd_is_picked_up" time="0.285" /><testcase classname="tests.test_budget" name="test_budget_resets_between_submits" time="0.533" /><testcase classname="tests.test_budget" name="test_time_tier_peak_and_offpeak" time="0.004" /><testcase classname="tests.test_budget" name="test_estimate_usd_peak_is_double" time="0.003" /><testcase classname="tests.test_budget" name="test_time_tiers_env_override" time="0.004" /><testcase classname="tests.test_budget" name="test_time_tier_disabled_models" time="0.003" /><testcase classname="tests.test_budget" name="test_budget_add_usage_time_aware" time="0.004" /><testcase classname="tests.test_budget" name="test_budget_defaults_and_env" time="0.003" /><testcase classname="tests.test_budget" name="test_budget_tool_call_boundary_does_not_create_turn" time="0.003" /><testcase classname="tests.test_budget" name="test_budget_shared_grace_merges_notices_and_allows_three_turns" time="0.004" /><testcase classname="tests.test_budget" name="test_budget_turn_notice_is_one_shot_and_reset_clears_state" time="0.003" /><testcase classname="tests.test_calibration_usage" name="test_record_and_read_calibration_shot" time="0.024" /><testcase classname="tests.test_calibration_usage" name="test_observe_shot_records_and_advances_last_x_sent" time="0.026" /><testcase classname="tests.test_calibration_usage" name="test_observe_two_shots_lcp_nonzero" time="0.022" /><testcase classname="tests.test_calibration_usage" name="test_hit_records_from_events_roundtrip" time="0.029" /><testcase classname="tests.test_calibration_usage" name="test_query_loop_records_calibration_events" time="0.225" /><testcase classname="tests.test_catalog" name="test_enabled_tools_frozen" time="0.003" /><testcase classname="tests.test_catalog" name="test_system_hint_is_thin_policy" time="0.003" /><testcase classname="tests.test_catalog" name="test_tool_descriptions_have_no_migrate_prefix" time="0.005" /><testcase classname="tests.test_catalog" name="test_unknown_tool_not_passthrough" time="0.006" /><testcase classname="tests.test_catalog" name="test_default_registry_matches_frozen_names" time="0.005" /><testcase classname="tests.test_catalog" name="test_meta_flags_match_instances" time="0.004" /><testcase classname="tests.test_catalog" name="test_policy_sets_derived_from_meta" time="0.005" /><testcase classname="tests.test_catalog" name="test_schema_budget_shortens_descriptions" time="0.004" /><testcase classname="tests.test_catalog" name="test_entries_align_with_meta" time="0.003" /><testcase classname="tests.test_catalog" name="test_shared_read_state_and_subagent_reuse" time="0.003" /><testcase classname="tests.test_cli" name="test_version" time="0.008" /><testcase classname="tests.test_cli" name="test_config_roundtrip" time="0.034" /><testcase classname="tests.test_cli" name="test_config_set_rejects_bad_provider" time="0.008" /><testcase classname="tests.test_cli" name="test_config_base_url_env_over_file" time="0.009" /><testcase classname="tests.test_cli" name="test_config_bad_toml_warns" time="0.005" /><testcase classname="tests.test_cli" name="test_validate_permission_allow_maps_never" time="0.003" /><testcase classname="tests.test_cli" name="test_chat_print_fake" time="0.495" /><testcase classname="tests.test_cli" name="test_chat_restored_messages" time="0.514" /><testcase classname="tests.test_cli" name="test_cwd_guard_rejects_python_package" time="0.010" /><testcase classname="tests.test_cli" name="test_cwd_fallback_from_package_root" time="0.005" /><testcase classname="tests.test_cli" name="test_needs_credentials" time="0.005" /><testcase classname="tests.test_cli" name="test_setup_command_help" time="0.108" /><testcase classname="tests.test_cli" name="test_root_help_mentions_bare_chat" time="0.012" /><testcase classname="tests.test_cli" name="test_logo_art_is_xeyo_mark" time="0.004" /><testcase classname="tests.test_cli" name="test_slash_help_and_modes" time="0.003" /><testcase classname="tests.test_cli" name="test_permission_fail_closed_without_tty" time="0.007" /><testcase classname="tests.test_cli" name="test_prompt_permission_headless_deny" time="0.003" /><testcase classname="tests.test_cli" name="test_parse_permission_choice" time="0.003" /><testcase classname="tests.test_cli" name="test_render_no_final_double_print" time="0.004" /><testcase classname="tests.test_cli" name="test_render_final_when_no_delta" time="0.003" /><testcase classname="tests.test_cli" name="test_sse_parser_flushes_trailing_without_newline" time="0.003" /><testcase classname="tests.test_cli" name="test_sessions_list_unreachable" time="2.264" /><testcase classname="tests.test_cli" name="test_format_updated_at_relative" time="0.008" /><testcase classname="tests.test_cli" name="test_attach_permission_headless_via_prompt" time="0.007" /><testcase classname="tests.test_cmd_compact" name="test_detect_family" time="0.005" /><testcase classname="tests.test_cmd_compact" name="test_short_output_passthrough" time="0.006" /><testcase classname="tests.test_cmd_compact" name="test_unknown_command_passthrough" time="0.005" /><testcase classname="tests.test_cmd_compact" name="test_pytest_keeps_failures_drops_passes" time="0.009" /><testcase classname="tests.test_cmd_compact" name="test_tsc_groups_by_file" time="0.010" /><testcase classname="tests.test_cmd_compact" name="test_git_status_compact" time="0.007" /><testcase classname="tests.test_cmd_compact" name="test_build_ok_tail_only" time="0.008" /><testcase classname="tests.test_code_compact_inject" name="test_code_compact_off_empty" time="0.005" /><testcase classname="tests.test_code_compact_inject" name="test_code_compact_on_has_rules_and_mode" time="0.006" /><testcase classname="tests.test_code_compact_inject" name="test_code_compact_in_tnnow_not_system" time="0.005" /><testcase classname="tests.test_codeindex.TestOutlinePython" name="test_symbols_and_parents" time="0.012" /><testcase classname="tests.test_codeindex.TestOutlinePython" name="test_unsupported_extension" time="0.006" /><testcase classname="tests.test_codeindex.TestOutlinePython" name="test_missing_file" time="0.007" /><testcase classname="tests.test_codeindex.TestOutlinePython" name="test_syntax_error_returns_empty" time="0.012" /><testcase classname="tests.test_codeindex.TestOutlinePython" name="test_decorator_lines_excluded_from_range" time="0.009" /><testcase classname="tests.test_codeindex.TestHashCache" name="test_content_change_invalidates" time="0.013" /><testcase classname="tests.test_codeindex.TestHashCache" name="test_lru_evicts_oldest" time="0.023" /><testcase classname="tests.test_codeindex.TestLocate" name="test_class_method_path" time="0.011" /><testcase classname="tests.test_codeindex.TestLocate" name="test_deep_chain" time="0.011" /><testcase classname="tests.test_codeindex.TestLocate" name="test_top_level_name" time="0.010" /><testcase classname="tests.test_codeindex.TestLocate" name="test_ambiguous_returns_none" time="0.009" /><testcase classname="tests.test_codeindex.TestLocate" name="test_parent_disambiguates_same_name" time="0.014" /><testcase classname="tests.test_codeindex.TestLocate" name="test_unknown_symbol" time="0.009" /><testcase classname="tests.test_codeindex.TestTsJs" name="test_regex_fallback_declarations" time="0.005" /><testcase classname="tests.test_codeindex.TestTsJs" name="test_outline_ts_file" time="0.015" /><testcase classname="tests.test_codeindex.TestTsJs" name="test_outline_tsx_file" time="0.016" /><testcase classname="tests.test_codeindex.TestIterSymbols" name="test_walk_filter_and_exclusion" time="0.022" /><testcase classname="tests.test_codeindex.TestIterSymbols" name="test_max_symbols_truncates" time="0.030" /><testcase classname="tests.test_codeindex.TestIterSymbols" name="test_bad_pattern_falls_back_to_literal" time="0.009" /><testcase classname="tests.test_codeindex.TestIterSymbols" name="test_ignore_case_flag" time="0.009" /><testcase classname="tests.test_codeindex.TestSymbolDataclass" name="test_frozen" time="0.006" /><testcase classname="tests.test_codeindex_graph" name="test_infer_layer_and_package" time="0.006" /><testcase classname="tests.test_codeindex_graph" name="test_python_import_edge" time="0.016" /><testcase classname="tests.test_codeindex_graph" name="test_ts_alias_and_relative" time="0.018" /><testcase classname="tests.test_codeindex_graph" name="test_skips_node_modules_and_external" time="0.086" /><testcase classname="tests.test_codeindex_graph" name="test_graph_cache_hit_and_refresh" time="0.051" /><testcase classname="tests.test_compact" name="test_project_does_not_mutate_input" time="0.013" /><testcase classname="tests.test_compact" name="test_c0_truncates_oversized_keep_full_read" time="0.015" /><testcase classname="tests.test_compact" name="test_c1_freezes_before_frozen_until_keeps_tail" time="0.010" /><testcase classname="tests.test_compact" name="test_project_is_deterministic" time="0.015" /><testcase classname="tests.test_compact" name="test_query_loop_echo_still_works" time="0.725" /><testcase classname="tests.test_compact" name="test_should_force_compact_on_pressure_threshold" time="0.018" /><testcase classname="tests.test_context_telemetry" name="test_context_tokens_use_real_vendor_usage_fields" time="0.024" /><testcase classname="tests.test_context_telemetry" name="test_context_limit_accepts_explicit_provider_metadata" time="0.013" /><testcase classname="tests.test_context_telemetry" name="test_query_loop_emits_usage_context_telemetry" time="0.024" /><testcase classname="tests.test_context_telemetry" name="test_scale_breakdown_sums_to_total" time="0.007" /><testcase classname="tests.test_context_telemetry" name="test_query_loop_emits_context_breakdown" time="0.025" /><testcase classname="tests.test_context_telemetry" name="test_compression_event_wire_fields_are_stable" time="0.007" /><testcase classname="tests.test_cwd" name="test_set_cwd_resolves_and_get_cwd" time="0.007" /><testcase classname="tests.test_cwd" name="test_set_cwd_relative" time="0.008" /><testcase classname="tests.test_cwd" name="test_set_cwd_missing_raises" time="0.006" /><testcase classname="tests.test_cwd" name="test_session_state_apply_cwd" time="0.007" /><testcase classname="tests.test_cwd" name="test_default_no_os_chdir" time="0.011" /><testcase classname="tests.test_diagnostics_tool" name="test_diagnostics_requires_path" time="0.006" /><testcase classname="tests.test_diagnostics_tool" name="test_diagnostics_py_compile_syntax_error" time="0.040" /><testcase classname="tests.test_diagnostics_tool" name="test_diagnostics_clean_python" time="0.039" /><testcase classname="tests.test_diagnostics_tool" name="test_diagnostics_outside_denied" time="0.012" /><testcase classname="tests.test_diagnostics_tool" name="test_diagnostics_policy_outside" time="0.011" /><testcase classname="tests.test_diagnostics_tool" name="test_diagnostics_abort" time="0.007" /><testcase classname="tests.test_early_readonly_tools" name="test_early_flag_default_on" time="0.009" /><testcase classname="tests.test_early_readonly_tools" name="test_eligible_echo_yes_edit_no" time="0.008" /><testcase classname="tests.test_early_readonly_tools" name="test_early_echo_overlaps_model_tail" time="0.351" /><testcase classname="tests.test_early_readonly_tools" name="test_early_disabled_starts_after_stream" time="0.366" /><testcase classname="tests.test_errors" name="test_provider_401_429_are_human" time="0.008" /><testcase classname="tests.test_errors" name="test_html_gateway_timeout_is_sanitized" time="0.008" /><testcase classname="tests.test_errors" name="test_provider_error_exception_carries_status" time="0.006" /><testcase classname="tests.test_errors" name="test_unknown_status_falls_back" time="0.010" /><testcase classname="tests.test_errors" name="test_network_error_is_human" time="0.007" /><testcase classname="tests.test_errors" name="test_rg_missing_is_human" time="0.009" /><testcase classname="tests.test_errors" name="test_busy_is_human" time="0.007" /><testcase classname="tests.test_errors" name="test_wechat_disconnect_is_human" time="0.006" /><testcase classname="tests.test_errors" name="test_wechat_launch_failure_is_human" time="0.005" /><testcase classname="tests.test_errors" name="test_unknown_error_keeps_text" time="0.007" /><testcase classname="tests.test_errors" name="test_sanitize_agent_prose_keeps_multiline" time="0.005" /><testcase classname="tests.test_errors" name="test_sanitize_agent_prose_html_still_sanitized" time="0.008" /><testcase classname="tests.test_event_envelope" name="test_wrap_sets_identity_and_type" time="0.006" /><testcase classname="tests.test_event_envelope" name="test_event_id_generator_monotonic_and_reset" time="0.006" /><testcase classname="tests.test_event_envelope" name="test_permission_pending_event_type" time="0.005" /><testcase classname="tests.test_event_envelope" name="test_permission_resolved_event_type" time="0.008" /><testcase classname="tests.test_event_envelope" name="test_task_state_event_type" time="0.005" /><testcase classname="tests.test_event_envelope" name="test_existing_event_still_wrappable_unchanged" time="0.006" /><testcase classname="tests.test_file_tools_contract" name="test_read_success_and_missing" time="0.034" /><testcase classname="tests.test_file_tools_contract" name="test_read_rejects_image_and_outside" time="0.025" /><testcase classname="tests.test_file_tools_contract" name="test_read_aborts_before_execute" time="0.012" /><testcase classname="tests.test_file_tools_contract" name="test_grep_success_empty_and_abort" time="0.082" /><testcase classname="tests.test_file_tools_contract" name="test_glob_success_and_outside" time="0.037" /><testcase classname="tests.test_file_tools_contract" name="test_write_edit_success_error_abort" time="0.034" /><testcase classname="tests.test_file_tools_contract" name="test_registry_denies_write_outside" time="0.013" /><testcase classname="tests.test_file_tools_contract" name="test_write_edit_execute_denies_outside" time="0.018" /><testcase classname="tests.test_file_tools_contract" name="test_write_denies_dotdot_escape" time="0.026" /><testcase classname="tests.test_file_tools_contract" name="test_edit_after_sidecar_restore_does_not_false_positive" time="0.017" /><testcase classname="tests.test_file_tools_contract" name="test_read_state_lru_env_override" time="0.007" /><testcase classname="tests.test_file_tools_contract" name="test_edit_validation_cache_not_leaked_across_calls" time="0.024" /><testcase classname="tests.test_file_tools_contract" name="test_edit_failed_call_does_not_poison_next_new_file" time="0.019" /><testcase classname="tests.test_file_worker_hardening" name="test_empty_scope_whitelist_strips_all_write_path_tools" time="0.006" /><testcase classname="tests.test_file_worker_hardening" name="test_scoped_whitelist_keeps_write_edit" time="0.006" /><testcase classname="tests.test_file_worker_hardening" name="test_batch_whitelist_intersection_keeps_ro_safe" time="0.006" /><testcase classname="tests.test_file_worker_hardening" name="test_normalize_worker_scope_broad_dot" time="0.008" /><testcase classname="tests.test_file_worker_hardening" name="test_normalize_worker_scope_relpath" time="0.007" /><testcase classname="tests.test_file_worker_hardening" name="test_write_store_required_under_write_scope" time="0.006" /><testcase classname="tests.test_file_worker_hardening" name="test_worker_write_policy_no_ask" time="0.010" /><testcase classname="tests.test_file_worker_hardening" name="test_worker_empty_scope_write_denied" time="0.009" /><testcase classname="tests.test_file_worker_hardening" name="test_ro_budgets_lower_than_rw" time="0.007" /><testcase classname="tests.test_file_worker_hardening" name="test_detect_write_conflict_message" time="0.008" /><testcase classname="tests.test_file_worker_hardening" name="test_worker_bash_readonly_allow_else_deny" time="0.007" /><testcase classname="tests.test_file_worker_hardening" name="test_main_bash_still_asks_without_write_scope" time="0.007"><failure message="AssertionError: assert 'bash_policy_ask' == 'bash_default_ask'&#10;  &#10;  - bash_default_ask&#10;  + bash_policy_ask">E   AssertionError: assert 'bash_policy_ask' == 'bash_default_ask'
      
      - bash_default_ask
      + bash_policy_ask</failure></testcase><testcase classname="tests.test_file_worker_hardening" name="test_worker_bash_timeout_clamped" time="0.008" /><testcase classname="tests.test_filehelper_channel" name="test_screenshot_is_not_a_bypass_command" time="0.006" /><testcase classname="tests.test_filehelper_channel" name="test_screenshot_nudge_forces_tool_on_ilink_wording" time="0.006" /><testcase classname="tests.test_filehelper_channel" name="test_xeyo_reply_prefix" time="0.005" /><testcase classname="tests.test_filehelper_channel" name="test_seen_skips_outbound_and_history" time="0.006" /><testcase classname="tests.test_filehelper_channel" name="test_remember_outbound_covers_prefixed_lines" time="0.007" /><testcase classname="tests.test_filehelper_channel" name="test_echo_blob_with_wechat_chrome_is_dropped" time="0.005" /><testcase classname="tests.test_filehelper_channel" name="test_echo_does_not_drop_real_user_before_reply" time="0.005" /><testcase classname="tests.test_filehelper_channel" name="test_filehelper_slogan_is_not_inbound" time="0.005" /><testcase classname="tests.test_filehelper_channel" name="test_is_own_reply_prefix" time="0.006" /><testcase classname="tests.test_filehelper_channel" name="test_added_messages_first_snapshot_empty" time="0.006" /><testcase classname="tests.test_filehelper_channel" name="test_chunk_text" time="0.006" /><testcase classname="tests.test_filehelper_channel" name="test_send_marker_uses_tail" time="0.007" /><testcase classname="tests.test_filehelper_channel" name="test_channel_inbound_enqueues" time="0.007" /><testcase classname="tests.test_filehelper_channel" name="test_send_job_result_only_filehelper_and_final_text" time="0.010" /><testcase classname="tests.test_filehelper_channel" name="test_run_final_only_ignores_tools" time="0.031" /><testcase classname="tests.test_filehelper_channel" name="test_run_final_only_still_returns_final_with_permission_events" time="0.030" /><testcase classname="tests.test_filehelper_channel" name="test_runner_on_complete_sends_final" time="0.031" /><testcase classname="tests.test_filehelper_channel" name="test_dispatch_screenshot_goes_to_model" time="0.033" /><testcase classname="tests.test_filehelper_channel" name="test_is_icon_png_filters_avatar" time="0.006" /><testcase classname="tests.test_filehelper_channel" name="test_qr_rev_bumps_only_when_png_changes" time="0.009" /><testcase classname="tests.test_filehelper_channel" name="test_filehelper_http_status_and_page" time="0.137" /><testcase classname="tests.test_filehelper_channel" name="test_status_stream_from_and_omit_jobs" time="0.006" /><testcase classname="tests.test_filehelper_channel" name="test_seen_persist_roundtrip" time="0.018" /><testcase classname="tests.test_filehelper_channel" name="test_filehelper_sse_events_route" time="0.007" /><testcase classname="tests.test_filehelper_channel" name="test_inbound_queue" time="0.006" /><testcase classname="tests.test_filehelper_channel" name="test_status_omit_jobs_query" time="0.009" /><testcase classname="tests.test_filehelper_permission_command" name="test_help_lists_allow_deny" time="0.008" /><testcase classname="tests.test_filehelper_permission_command" name="test_parse_command_allow_deny_filehelper" time="0.006" /><testcase classname="tests.test_filehelper_permission_command" name="test_filehelper_resolve_writes_audit" time="0.027" /><testcase classname="tests.test_filehelper_permission_command" name="test_filehelper_service_wires_permission" time="0.015" /><testcase classname="tests.test_flow_walkthrough_fixes" name="test_subagent_write_always_mode_denies_without_coordinator" time="0.013" /><testcase classname="tests.test_flow_walkthrough_fixes" name="test_subagent_write_risk_mode_allows_safe_without_coordinator" time="0.011"><failure message="AssertionError: Permission required but no resolver: needs_confirmation&#10;assert not True&#10; +  where True = ToolResult(content='Permission required but no resolver: needs_confirmation', is_error=True, todos=None, images=None, metadata={'permission_reason': 'needs_confirmation'}, ui=None).is_error">E   AssertionError: Permission required but no resolver: needs_confirmation
    assert not True
     +  where True = ToolResult(content='Permission required but no resolver: needs_confirmation', is_error=True, todos=None, images=None, metadata={'permission_reason': 'needs_confirmation'}, ui=None).is_error</failure></testcase><testcase classname="tests.test_flow_walkthrough_fixes" name="test_submit_honors_stop_requested_option" time="0.322" /><testcase classname="tests.test_git_tool" name="test_git_summary" time="0.292" /><testcase classname="tests.test_git_tool" name="test_git_status_and_log" time="0.326" /><testcase classname="tests.test_git_tool" name="test_git_not_a_repo" time="0.009" /><testcase classname="tests.test_git_tool" name="test_git_rejects_commit" time="0.007" /><testcase classname="tests.test_git_tool" name="test_git_diff_requires_path" time="0.221" /><testcase classname="tests.test_git_tool" name="test_git_policy_always_allow" time="0.006" /><testcase classname="tests.test_git_tool" name="test_parse_unified_new_range" time="0.006" /><testcase classname="tests.test_git_tool" name="test_git_summary_touched_symbols" time="0.377" /><testcase classname="tests.test_glob_optimize" name="test_is_broad_pattern" time="0.006" /><testcase classname="tests.test_glob_optimize" name="test_split_pattern_prefix" time="0.006" /><testcase classname="tests.test_glob_optimize" name="test_fold_filenames" time="0.005" /><testcase classname="tests.test_glob_optimize" name="test_broad_pattern_returns_dir_summary" time="0.027" /><testcase classname="tests.test_glob_optimize" name="test_scoped_greedy_returns_prefix_summary" time="0.025" /><testcase classname="tests.test_glob_optimize" name="test_case_insensitive_retry" time="0.045" /><testcase classname="tests.test_glob_optimize" name="test_empty_hint_discourages_starstar" time="0.062" /><testcase classname="tests.test_glob_optimize" name="test_auto_fold_many_hits" time="0.055" /><testcase classname="tests.test_glob_optimize" name="test_detail_paths_keeps_flat" time="0.055" /><testcase classname="tests.test_glob_optimize" name="test_hard_limit_clamped_and_too_many_message" time="0.114" /><testcase classname="tests.test_glob_optimize" name="test_ttl_cache_second_call_hits" time="0.073" /><testcase classname="tests.test_glob_optimize" name="test_broad_summary_also_cached" time="0.031" /><testcase classname="tests.test_glob_optimize" name="test_agentignore_filters_results" time="0.099" /><testcase classname="tests.test_glob_optimize" name="test_glob_stats_counts_hits_and_greedy" time="0.041" /><testcase classname="tests.test_glob_suggestion" name="test_pattern_miss_suggests_real_file" time="0.066" /><testcase classname="tests.test_glob_suggestion" name="test_path_miss_suggests_fuzzy_dir" time="0.007" /><testcase classname="tests.test_glob_suggestion" name="test_normal_hit_has_no_suggestion" time="0.026" /><testcase classname="tests.test_glob_suggestion" name="test_miss_without_near_match_is_silent" time="0.071" /><testcase classname="tests.test_glob_suggestion" name="test_empty_tip_kept" time="0.059" /><testcase classname="tests.test_governance" name="test_missing_source_rejected" time="0.006" /><testcase classname="tests.test_governance" name="test_missing_confidence_rejected" time="0.006" /><testcase classname="tests.test_governance" name="test_untyped_not_indexable" time="0.007" /><testcase classname="tests.test_governance" name="test_conflict_different_applies_to_coexist" time="0.008" /><testcase classname="tests.test_governance" name="test_inference_cannot_override_user" time="0.015" /><testcase classname="tests.test_governance" name="test_same_topic_supersede" time="0.007" /><testcase classname="tests.test_governance" name="test_different_type_same_scope_coexist" time="0.008" /><testcase classname="tests.test_governance" name="test_different_title_same_type_coexist" time="0.006" /><testcase classname="tests.test_governance" name="test_explicit_supersedes_across_topics" time="0.009" /><testcase classname="tests.test_governance" name="test_forget_never_resurrect" time="0.006" /><testcase classname="tests.test_governance" name="test_can_promote_rejects_repeat_only" time="0.011" /><testcase classname="tests.test_governance" name="test_can_promote_agent_harvest_capped" time="0.059" /><testcase classname="tests.test_grep_symbols" name="test_symbols_lists_matches_with_signature" time="0.022" /><testcase classname="tests.test_grep_symbols" name="test_symbols_filters_by_glob" time="0.021" /><testcase classname="tests.test_grep_symbols" name="test_symbols_case_insensitive_flag" time="0.018" /><testcase classname="tests.test_grep_symbols" name="test_symbols_pagination" time="0.019" /><testcase classname="tests.test_grep_symbols" name="test_symbols_empty_result_has_tip" time="0.018" /><testcase classname="tests.test_grep_symbols" name="test_symbols_invalid_mode_still_rejected" time="0.034" /><testcase classname="tests.test_grep_symbols" name="test_symbols_folded_collapses_methods" time="0.019" /><testcase classname="tests.test_grep_symbols" name="test_symbols_folded_ts_class" time="0.023"><failure message="AssertionError: assert ('Beta' in 'src\\util.ts:1: export function alpha(): number { return 1 }\nsrc\\util.ts:2: export class Beta {\n\nFound 2 symbols matched.' and '[+1 members' in 'src\\util.ts:1: export function alpha(): number { return 1 }\nsrc\\util.ts:2: export class Beta {\n\nFound 2 symbols matched.')&#10; +  where 'src\\util.ts:1: export function alpha(): number { return 1 }\nsrc\\util.ts:2: export class Beta {\n\nFound 2 symbols matched.' = ToolResult(content='src\\util.ts:1: export function alpha(): number { return 1 }\nsrc\\util.ts:2: export class Beta {\n\nFound 2 symbols matched.', is_error=False, todos=None, images=None, metadata=None, ui=None).content&#10; +  and   'src\\util.ts:1: export function alpha(): number { return 1 }\nsrc\\util.ts:2: export class Beta {\n\nFound 2 symbols matched.' = ToolResult(content='src\\util.ts:1: export function alpha(): number { return 1 }\nsrc\\util.ts:2: export class Beta {\n\nFound 2 symbols matched.', is_error=False, todos=None, images=None, metadata=None, ui=None).content">E   AssertionError: assert ('Beta' in 'src\\util.ts:1: export function alpha(): number { return 1 }\nsrc\\util.ts:2: export class Beta {\n\nFound 2 symbols matched.' and '[+1 members' in 'src\\util.ts:1: export function alpha(): number { return 1 }\nsrc\\util.ts:2: export class Beta {\n\nFound 2 symbols matched.')
     +  where 'src\\util.ts:1: export function alpha(): number { return 1 }\nsrc\\util.ts:2: export class Beta {\n\nFound 2 symbols matched.' = ToolResult(content='src\\util.ts:1: export function alpha(): number { return 1 }\nsrc\\util.ts:2: export class Beta {\n\nFound 2 symbols matched.', is_error=False, todos=None, images=None, metadata=None, ui=None).content
     +  and   'src\\util.ts:1: export function alpha(): number { return 1 }\nsrc\\util.ts:2: export class Beta {\n\nFound 2 symbols matched.' = ToolResult(content='src\\util.ts:1: export function alpha(): number { return 1 }\nsrc\\util.ts:2: export class Beta {\n\nFound 2 symbols matched.', is_error=False, todos=None, images=None, metadata=None, ui=None).content</failure></testcase><testcase classname="tests.test_grep_symbols" name="test_symbols_kinds_filter" time="0.019" /><testcase classname="tests.test_grep_symbols" name="test_symbols_kinds_invalid_rejected" time="0.012" /><testcase classname="tests.test_grep_symbols" name="test_symbols_detail_invalid_rejected" time="0.013" /><testcase classname="tests.test_grep_symbols" name="test_symbols_default_detail_unchanged" time="0.023" /><testcase classname="tests.test_grep_symbols" name="test_symbols_folded_with_pagination" time="0.021" /><testcase classname="tests.test_hardening_round2" name="test_media_ref_materialization_cached" time="0.032" /><testcase classname="tests.test_hardening_round2" name="test_media_data_url_cached" time="0.007" /><testcase classname="tests.test_hardening_round2" name="test_jobstore_prunes_oldest_terminal_jobs" time="0.006" /><testcase classname="tests.test_hardening_round2" name="test_jobstore_prefers_evicting_terminal_over_running" time="0.007" /><testcase classname="tests.test_hardening_round2" name="test_runner_session_locks_bounded" time="0.009" /><testcase classname="tests.test_hardening_round2" name="test_git_status_single_invocation" time="0.007" /><testcase classname="tests.test_hardening_round2" name="test_journal_transition_with_read_cache" time="0.054" /><testcase classname="tests.test_hardening_round2" name="test_pricing_refresh_is_nonblocking" time="0.007" /><testcase classname="tests.test_hardening_round2" name="test_read_file_state_bounded" time="0.008" /><testcase classname="tests.test_history_continuity" name="test_split_prior_excludes_trailing_user" time="0.005" /><testcase classname="tests.test_history_continuity" name="test_split_prior_preserves_client_message_ids" time="0.006" /><testcase classname="tests.test_history_continuity" name="test_cold_start_seeds_from_client_prior" time="0.009" /><testcase classname="tests.test_history_continuity" name="test_empty_engine_hydrates_from_client" time="0.008" /><testcase classname="tests.test_history_continuity" name="test_model_change_preserves_messages" time="0.009" /><testcase classname="tests.test_history_continuity" name="test_set_cwd_does_not_evict_engines" time="0.010" /><testcase classname="tests.test_ilink_channel" name="test_headers_and_extract_text" time="0.007" /><testcase classname="tests.test_ilink_channel" name="test_collect_update_msgs_shapes" time="0.008" /><testcase classname="tests.test_ilink_channel" name="test_decode_qr_payload" time="0.006" /><testcase classname="tests.test_ilink_channel" name="test_qr_png_from_weixin_url" time="0.041" /><testcase classname="tests.test_ilink_channel" name="test_materialize_weixin_url_does_not_download" time="0.034" /><testcase classname="tests.test_ilink_channel" name="test_sendmessage_includes_context_token" time="0.007" /><testcase classname="tests.test_ilink_channel" name="test_notifystart_and_stop_paths" time="0.009" /><testcase classname="tests.test_ilink_channel" name="test_getupdates_uses_dedicated_poll_client" time="0.009" /><testcase classname="tests.test_ilink_channel" name="test_get_bot_qrcode_falls_back_to_get" time="0.008" /><testcase classname="tests.test_ilink_channel" name="test_channel_inbound_skips_own_reply" time="0.009" /><testcase classname="tests.test_ilink_channel" name="test_send_job_result_prefixes" time="0.007" /><testcase classname="tests.test_ilink_channel" name="test_credentials_roundtrip" time="0.012" /><testcase classname="tests.test_ilink_channel" name="test_login_qr_state_machine" time="0.025" /><testcase classname="tests.test_ilink_channel" name="test_inbound_getupdates_sets_context_token" time="0.031" /><testcase classname="tests.test_ilink_channel" name="test_inbound_image_reaches_handler" time="0.022" /><testcase classname="tests.test_ilink_channel" name="test_start_stops_filehelper" time="0.007" /><testcase classname="tests.test_ilink_channel" name="test_ilink_http_status" time="0.014" /><testcase classname="tests.test_ilink_channel" name="test_ilink_sse_format" time="0.006" /><testcase classname="tests.test_ilink_channel" name="test_events_since_pruned_cursor_still_returns_new" time="0.005" /><testcase classname="tests.test_ilink_channel" name="test_qr_errmsg_surfaces" time="0.008" /><testcase classname="tests.test_ilink_channel" name="test_empty_poll_sleep_only_when_fast" time="0.006" /><testcase classname="tests.test_ilink_channel" name="test_session_expired_reads_ret_or_errcode" time="0.005" /><testcase classname="tests.test_ilink_channel" name="test_inbound_without_message_type" time="0.008" /><testcase classname="tests.test_ilink_channel" name="test_inbound_enqueues_even_if_handler_noop" time="0.009" /><testcase classname="tests.test_ilink_channel" name="test_text_inbound_does_not_touch_media" time="0.019" /><testcase classname="tests.test_ilink_channel" name="test_notify_online_expired_is_false" time="0.010" /><testcase classname="tests.test_ilink_channel" name="test_notify_online_network_error_is_nonfatal" time="0.008" /><testcase classname="tests.test_ilink_channel" name="test_poll_ret_minus_14_stops" time="0.010" /><testcase classname="tests.test_ilink_channel" name="test_poll_read_timeout_matches_long_poll" time="0.005" /><testcase classname="tests.test_ilink_channel" name="test_poll_timeout_retries_without_backoff" time="0.010" /><testcase classname="tests.test_ilink_channel" name="test_poll_timeout_streak_clears_buf" time="0.032" /><testcase classname="tests.test_ilink_channel" name="test_poll_hang_is_cut_by_deadline" time="0.140" /><testcase classname="tests.test_ilink_channel" name="test_take_updates_buf_before_handle" time="0.012" /><testcase classname="tests.test_ilink_channel" name="test_stop_flushes_debounced_credentials" time="0.014" /><testcase classname="tests.test_ilink_channel" name="test_help_command_marks_handled_and_does_not_retry" time="0.063" /><testcase classname="tests.test_ilink_channel" name="test_connect_error_skips_notify_and_sets_hint" time="0.030" /><testcase classname="tests.test_ilink_channel" name="test_rpc_ok_accepts_string_zero" time="0.005" /><testcase classname="tests.test_ilink_channel" name="test_inbound_queue_keeps_peer_ctx" time="0.009" /><testcase classname="tests.test_ilink_channel" name="test_session_expiry_does_not_rewrite_credentials" time="0.029" /><testcase classname="tests.test_ilink_channel" name="test_session_id_for" time="0.006" /><testcase classname="tests.test_ilink_channel" name="test_handle_inbound_passes_reply_peer" time="0.009" /><testcase classname="tests.test_ilink_channel" name="test_two_users_enqueue_different_sessions" time="0.024" /><testcase classname="tests.test_ilink_channel" name="test_busy_does_not_block_other_user" time="0.010" /><testcase classname="tests.test_ilink_channel" name="test_inbound_queue_pop_idle_skips_busy_session" time="0.006" /><testcase classname="tests.test_ilink_channel" name="test_accepts_stream_session_filters_other_user" time="0.006" /><testcase classname="tests.test_ilink_channel" name="test_push_event_includes_session_id" time="0.006" /><testcase classname="tests.test_ilink_channel" name="test_status_stream_session_id_stays_with_active_stream" time="0.005" /><testcase classname="tests.test_ilink_media" name="test_aes_ecb_roundtrip_and_padding" time="0.020" /><testcase classname="tests.test_ilink_media" name="test_aes_stdlib_nist_and_matches_cryptography" time="0.022" /><testcase classname="tests.test_ilink_media" name="test_aes_key_encodings" time="0.006" /><testcase classname="tests.test_ilink_media" name="test_inbound_prompt_image_and_file" time="0.007" /><testcase classname="tests.test_ilink_media" name="test_sendmessage_image_item_shape" time="0.009" /><testcase classname="tests.test_ilink_media" name="test_upload_local_getuploadurl_and_cdn" time="0.021" /><testcase classname="tests.test_ilink_media" name="test_collect_inbound_image_decrypts" time="0.024" /><testcase classname="tests.test_ilink_media" name="test_collect_inbound_accepts_itemList_alias" time="0.044" /><testcase classname="tests.test_ilink_permission_command" name="test_parse_command_allow_deny" time="0.008" /><testcase classname="tests.test_ilink_permission_command" name="test_pending_for_session_finds_and_resolves" time="0.007" /><testcase classname="tests.test_ilink_permission_command" name="test_run_command_allow_resolves_pending" time="0.010" /><testcase classname="tests.test_ilink_permission_command" name="test_run_command_deny_resolves_pending" time="0.010" /><testcase classname="tests.test_ilink_permission_command" name="test_run_command_allow_no_pending" time="0.008" /><testcase classname="tests.test_instruction" name="test_workspace_xeyo_md_in_text" time="0.022" /><testcase classname="tests.test_instruction" name="test_later_file_overrides" time="0.026" /><testcase classname="tests.test_instruction" name="test_include_cycle_dropped" time="0.024" /><testcase classname="tests.test_instruction" name="test_system_prompt_contains_instruction_and_keeps_custom" time="0.015" /><testcase classname="tests.test_instruction" name="test_assembler_default_includes_instructions" time="0.019" /><testcase classname="tests.test_instruction" name="test_cache_hit_returns_same_without_reread" time="0.019" /><testcase classname="tests.test_instruction" name="test_cache_invalidates_on_file_change" time="0.033" /><testcase classname="tests.test_instruction" name="test_cache_invalidates_on_new_rules_file" time="0.028" /><testcase classname="tests.test_instruction" name="test_cache_invalidates_on_include_target_change" time="0.038" /><testcase classname="tests.test_instruction" name="test_clear_instruction_cache_forces_reload" time="0.020" /><testcase classname="tests.test_instruction" name="test_paths_frontmatter_filters_by_cwd" time="0.027" /><testcase classname="tests.test_instruction_maintain" name="test_ensure_minimal_template" time="0.021" /><testcase classname="tests.test_instruction_maintain" name="test_soft_budget_default" time="0.006" /><testcase classname="tests.test_instruction_maintain" name="test_doctor_flags_derivable" time="0.012" /><testcase classname="tests.test_instruction_maintain" name="test_append_rule_line" time="0.022" /><testcase classname="tests.test_instruction_maintain" name="test_nested_discovery" time="0.012" /><testcase classname="tests.test_instruction_maintain" name="test_proposals_after_repeats" time="0.055" /><testcase classname="tests.test_instruction_maintain" name="test_stale_notice_on_probe_change" time="0.035" /><testcase classname="tests.test_instruction_maintain" name="test_instruction_budget_caps_left" time="0.014" /><testcase classname="tests.test_instruction_maintain" name="test_parse_rule_command" time="0.006" /><testcase classname="tests.test_journal_index" name="test_record_change_appends_journal_and_index_seq_monotonic" time="0.025" /><testcase classname="tests.test_journal_index" name="test_recent_changes_path_prefix_uses_index" time="0.040" /><testcase classname="tests.test_journal_index" name="test_recent_changes_agent_and_since_filters" time="0.026" /><testcase classname="tests.test_journal_index" name="test_index_staleness_falls_back_to_scan" time="0.018" /><testcase classname="tests.test_journal_index" name="test_rebuild_index_reconciles" time="0.020" /><testcase classname="tests.test_journal_index" name="test_gc_prunes_and_rebuilds_index" time="0.059" /><testcase classname="tests.test_journal_index" name="test_session_filter_in_tool_compat" time="0.014" /><testcase classname="tests.test_main_loop_four_cuts" name="test_xml_buffer_feeds_complete_calls_incrementally" time="0.006" /><testcase classname="tests.test_main_loop_four_cuts" name="test_proj_cache_survives_across_submit" time="0.018" /><testcase classname="tests.test_main_loop_four_cuts" name="test_tool_call_event_before_stream_ends" time="0.218" /><testcase classname="tests.test_main_loop_four_cuts" name="test_early_respects_tool_call_quota" time="0.075" /><testcase classname="tests.test_main_loop_four_cuts" name="test_xml_stream_early_starts_before_stream_ends" time="0.322" /><testcase classname="tests.test_main_loop_four_cuts" name="test_fast_tool_batch_does_not_pad_quarter_second" time="0.016" /><testcase classname="tests.test_main_loop_per_turn_scan" name="test_repair_runs_once_per_submit" time="0.240" /><testcase classname="tests.test_main_loop_per_turn_scan" name="test_fences_in_projection_not_store_and_incremental" time="0.064" /><testcase classname="tests.test_main_loop_per_turn_scan" name="test_observe_overlaps_tools" time="0.198" /><testcase classname="tests.test_main_loop_three_cuts" name="test_append_blocks_after_tool_result_inserts_projection_user" time="0.011" /><testcase classname="tests.test_main_loop_three_cuts" name="test_attach_turn_context_after_tool_includes_wrap_up_and_notice" time="0.007" /><testcase classname="tests.test_main_loop_three_cuts" name="test_memory_index_appends_after_tool" time="0.008" /><testcase classname="tests.test_main_loop_three_cuts" name="test_permission_pending_yields_while_sibling_bash_runs" time="2.051"><failure message="TimeoutError">E   asyncio.exceptions.CancelledError

The above exception was the direct cause of the following exception:
E   TimeoutError</failure></testcase><testcase classname="tests.test_main_loop_three_cuts" name="test_two_asks_pending_before_either_resolved" time="0.018" /><testcase classname="tests.test_main_loop_three_cuts" name="test_ensure_before_blocks_write_until_ready" time="0.178"><failure message="assert False&#10; +  where False = is_set()&#10; +    where is_set = &lt;asyncio.locks.Event object at 0x00000209B1775510 [unset]&gt;.is_set">E   assert False
     +  where False = is_set()
     +    where is_set = &lt;asyncio.locks.Event object at 0x00000209B1775510 [unset]&gt;.is_set</failure></testcase><testcase classname="tests.test_main_loop_three_cuts" name="test_ensure_before_failure_blocks_write_not_text" time="0.017" /><testcase classname="tests.test_main_loop_three_cuts" name="test_query_engine_before_overlaps_stream" time="0.140" /><testcase classname="tests.test_math_utils" name="test_clamp" time="0.009" /><testcase classname="tests.test_math_utils" name="test_factorial" time="0.006" /><testcase classname="tests.test_max_tool_calling" name="test_max_tool_calling_executes_only_sixteen_and_pairs_skips" time="0.300" /><testcase classname="tests.test_max_tool_calling" name="test_max_tool_calling_uses_shared_three_turn_grace_then_stops" time="0.337" /><testcase classname="tests.test_max_turns" name="test_max_turns_allows_three_shared_grace_turns_and_stops" time="0.303" /><testcase classname="tests.test_max_turns" name="test_max_turns_grace_can_finish_normally" time="0.294" /><testcase classname="tests.test_media_store" name="test_image_max_dimension_uses_provider_rules" time="0.006" /><testcase classname="tests.test_media_store" name="test_save_preserves_original_and_materialize_resizes_only_when_needed" time="0.074" /><testcase classname="tests.test_media_store" name="test_data_url_under_limit_is_returned_unchanged" time="0.010" /><testcase classname="tests.test_memdir" name="test_copy_dir_gets_new_workspace_id" time="0.009" /><testcase classname="tests.test_memdir" name="test_write_then_index_then_forget" time="0.063" /><testcase classname="tests.test_memdir" name="test_index_bytes_stable_without_mutation" time="0.019" /><testcase classname="tests.test_memdir" name="test_write_escape_memdir_denied" time="0.013" /><testcase classname="tests.test_memdir" name="test_write_memdir_missing_schema_denied" time="0.009" /><testcase classname="tests.test_memory_aging" name="test_disabled_keeps_legacy_stub_bytes" time="0.007" /><testcase classname="tests.test_memory_aging" name="test_rich_stub_contains_id_and_neutral_hint" time="0.007" /><testcase classname="tests.test_memory_aging" name="test_error_and_structured_results_exempt" time="0.007" /><testcase classname="tests.test_memory_aging" name="test_images_removed_on_aged_message_only" time="0.007" /><testcase classname="tests.test_memory_aging" name="test_stub_summary_sanitized" time="0.007" /><testcase classname="tests.test_memory_aging" name="test_far_stubs_folded_short" time="0.008" /><testcase classname="tests.test_memory_aging" name="test_pure_and_incremental_matches_full" time="0.009" /><testcase classname="tests.test_memory_aging" name="test_auto_advance_hysteresis_and_byte_stability" time="0.010" /><testcase classname="tests.test_memory_aging" name="test_flag_off_default_path_unchanged" time="0.007" /><testcase classname="tests.test_memory_aging" name="test_read_dedup_disabled_while_aging" time="0.017" /><testcase classname="tests.test_memory_fidelity" name="test_extract_terms_excludes_stopwords_and_digits" time="0.008" /><testcase classname="tests.test_memory_fidelity" name="test_extract_facts_adds_pathline_and_numbers" time="0.007" /><testcase classname="tests.test_memory_fidelity" name="test_region_text_only_high_term_retention" time="0.007" /><testcase classname="tests.test_memory_fidelity" name="test_region_grep_term_retention_high_literal_low" time="0.013" /><testcase classname="tests.test_memory_fidelity" name="test_literal_is_lower_bound" time="0.007" /><testcase classname="tests.test_memory_fidelity" name="test_corpus_measurement_bounded" time="0.048" /><testcase classname="tests.test_memory_search" name="test_search_finds_written_note" time="0.075" /><testcase classname="tests.test_memory_search" name="test_search_cjk_bigram_or" time="0.066" /><testcase classname="tests.test_memory_summarize" name="test_is_error_like_traceback" time="0.006" /><testcase classname="tests.test_memory_summarize" name="test_is_error_like_exception_word" time="0.008" /><testcase classname="tests.test_memory_summarize" name="test_is_error_like_plain_text_false" time="0.006" /><testcase classname="tests.test_memory_summarize" name="test_grep_summary_keeps_stats_not_raw_head" time="0.008" /><testcase classname="tests.test_memory_summarize" name="test_grep_summary_short_unchanged" time="0.006" /><testcase classname="tests.test_memory_summarize" name="test_error_summary_keeps_head_and_tail" time="0.007" /><testcase classname="tests.test_memory_summarize" name="test_long_text_head_tail" time="0.007" /><testcase classname="tests.test_memory_summarize" name="test_read_keeps_structure_and_line_count" time="0.008" /><testcase classname="tests.test_memory_summarize" name="test_read_code_file_keeps_function_signatures" time="0.009" /><testcase classname="tests.test_memory_summarize" name="test_read_short_content_verbatim" time="0.009" /><testcase classname="tests.test_memory_summarize" name="test_extract_value_facts_param_table_skips_header" time="0.007" /><testcase classname="tests.test_memory_summarize" name="test_read_param_table_keeps_values" time="0.010" /><testcase classname="tests.test_memory_summarize" name="test_extract_value_facts_skips_local_vars" time="0.007" /><testcase classname="tests.test_memory_summarize" name="test_value_not_over_generic_code" time="0.006" /><testcase classname="tests.test_memory_summarize" name="test_short_content_verbatim" time="0.010" /><testcase classname="tests.test_memory_summarize" name="test_c2_summary_uses_type_aware_snippet" time="0.014" /><testcase classname="tests.test_memory_tool" name="test_registered_and_others_absent" time="0.016" /><testcase classname="tests.test_memory_tool" name="test_unknown_action_rejected" time="0.009" /><testcase classname="tests.test_memory_tool" name="test_update_forget_require_id" time="0.010" /><testcase classname="tests.test_memory_tool" name="test_write_then_update_then_forget_roundtrip" time="0.036"><failure message="NameError: name 'asyncio' is not defined">E   NameError: name 'asyncio' is not defined</failure></testcase><testcase classname="tests.test_memory_tool" name="test_tombstone_blocks_resurrect" time="0.067" /><testcase classname="tests.test_memory_tool" name="test_schema_mentions_grep_paths" time="0.007"><failure message="AssertionError: assert 'transcript' in 'Long-term workspace memory. action=search: recall notes (prefer over Grep on memdir). action=write: store a durable f... or tombstone by id. Do not store directory trees or one-off plans. MEMORY.md is an index; details are in topics/*.md.'">E   AssertionError: assert 'transcript' in 'Long-term workspace memory. action=search: recall notes (prefer over Grep on memdir). action=write: store a durable f... or tombstone by id. Do not store directory trees or one-off plans. MEMORY.md is an index; details are in topics/*.md.'</failure></testcase><testcase classname="tests.test_memory_tool" name="test_subagent_cannot_mutate_memdir" time="0.009" /><testcase classname="tests.test_memory_write_conflict" name="test_write_different_topic_coexists_and_searchable" time="0.062" /><testcase classname="tests.test_memory_write_conflict" name="test_write_same_topic_supersedes_with_chain" time="0.071" /><testcase classname="tests.test_message_store" name="test_append_order" time="0.006" /><testcase classname="tests.test_message_store" name="test_as_api_messages_keeps_tool_role_and_call_id" time="0.007" /><testcase classname="tests.test_message_store" name="test_fill_missing_tool_results_only_gaps" time="0.006" /><testcase classname="tests.test_message_store" name="test_repair_inserts_tools_before_next_user" time="0.007" /><testcase classname="tests.test_model_client_contract" name="test_deepseek_client_exposes_required_api" time="0.006" /><testcase classname="tests.test_model_client_contract" name="test_openai_client_exposes_required_api" time="0.008" /><testcase classname="tests.test_model_client_contract" name="test_deepseek_client_not_shadowed_by_function_body" time="0.006" /><testcase classname="tests.test_model_client_contract" name="test_text_delta_yields_text_chunk" time="0.008" /><testcase classname="tests.test_model_client_contract" name="test_reasoning_delta_yields_reasoning_chunk" time="0.006" /><testcase classname="tests.test_model_client_contract" name="test_tool_call_aggregates_across_lines" time="0.009" /><testcase classname="tests.test_model_client_contract" name="test_finish_emits_empty_args_once" time="0.007" /><testcase classname="tests.test_model_client_contract" name="test_try_finalize_ignores_post_close_whitespace" time="0.007" /><testcase classname="tests.test_model_client_contract" name="test_usage_is_extracted_alongside_choices" time="0.006" /><testcase classname="tests.test_model_client_contract" name="test_done_line_is_ignored" time="0.007" /><testcase classname="tests.test_model_client_contract" name="test_non_data_line_is_ignored" time="0.006" /><testcase classname="tests.test_model_client_contract" name="test_malformed_json_is_tolerated" time="0.006" /><testcase classname="tests.test_model_client_contract" name="test_missing_tool_name_skips_finish" time="0.006" /><testcase classname="tests.test_model_client_contract" name="test_build_body_matches_production_shaping" time="0.006" /><testcase classname="tests.test_model_client_contract" name="test_build_body_stream_adds_usage_option" time="0.007" /><testcase classname="tests.test_multi_agent_hard_gate" name="test_multi_agent_keeps_full_tool_schemas" time="0.008" /><testcase classname="tests.test_multi_agent_hard_gate" name="test_attach_turn_context_injects_soft_hint" time="0.007" /><testcase classname="tests.test_multi_agent_hard_gate" name="test_attach_after_tool_skips_memory_index" time="0.006" /><testcase classname="tests.test_multi_agent_hard_gate" name="test_attach_on_user_turn_still_includes_memory" time="0.007" /><testcase classname="tests.test_multi_agent_hard_gate" name="test_no_remediation_after_glob_without_agent" time="0.037" /><testcase classname="tests.test_multi_agent_p0" name="test_p0_chat_completions_never_calls_legacy_stream" time="0.008" /><testcase classname="tests.test_multi_agent_p0" name="test_p0_tool_round_skips_memory_index" time="0.006" /><testcase classname="tests.test_multi_agent_p0" name="test_p0_user_turn_still_can_include_memory" time="0.007" /><testcase classname="tests.test_multi_agent_p0" name="test_p0_agent_tool_result_format_blocks_memory_hijack" time="0.006" /><testcase classname="tests.test_multi_agent_p0" name="test_p0_chip_off_agent_still_in_schemas" time="0.009" /><testcase classname="tests.test_multi_agent_p1" name="test_format_changes_for_agent" time="0.006" /><testcase classname="tests.test_multi_agent_p1" name="test_metrics_roundtrip" time="0.019" /><testcase classname="tests.test_multi_agent_p1" name="test_record_write_stale" time="0.020" /><testcase classname="tests.test_multi_agent_p1" name="test_build_patch_desc" time="0.007" /><testcase classname="tests.test_multi_agent_p1" name="test_max_patch_retries_constant" time="0.007" /><testcase classname="tests.test_multi_agent_p1" name="test_task_run_result_defaults" time="0.007" /><testcase classname="tests.test_multi_agent_p1" name="test_scheduler_run_subagent_kwargs_compatible" time="0.007" /><testcase classname="tests.test_multi_agent_p1" name="test_gate_report_empty" time="0.020" /><testcase classname="tests.test_multi_agent_p1" name="test_format_findings_for_synthesis_truncates" time="0.007" /><testcase classname="tests.test_multi_agent_p1" name="test_synthesize_multi_agent_answer_streams_tokens" time="0.009" /><testcase classname="tests.test_multi_agent_p1" name="test_dag_dependent_tasks_run_after_upstream" time="0.087" /><testcase classname="tests.test_multi_agent_p1" name="test_checkpoint_helpers_persist_resume_abandon" time="0.031" /><testcase classname="tests.test_multi_agent_p1" name="test_run_task_batch_resume_skips_done" time="0.074" /><testcase classname="tests.test_multi_agent_p1" name="test_checkpoint_awaiting_synthesis_helpers" time="0.006" /><testcase classname="tests.test_multi_agent_p1" name="test_subagent_hydrates_sidechain_on_resume" time="0.077" /><testcase classname="tests.test_multi_agent_p1" name="test_run_task_batch_interrupt_leaves_checkpoint" time="0.041" /><testcase classname="tests.test_multi_agent_p1" name="test_checkpoint_persists_user_goal" time="0.027" /><testcase classname="tests.test_multi_agent_p1" name="test_resume_cue_helpers" time="0.006" /><testcase classname="tests.test_multi_agent_p1" name="test_resume_cue_skips_checkpoint_ask_logic" time="0.009" /><testcase classname="tests.test_multi_agent_p1" name="test_heuristic_split_dual_conflict_prompt" time="0.008" /><testcase classname="tests.test_multi_agent_p1" name="test_heuristic_split_three_md_files" time="0.006" /><testcase classname="tests.test_multi_agent_p1" name="test_split_decompose_output_plan_then_json" time="0.006" /><testcase classname="tests.test_multi_agent_p1" name="test_split_decompose_output_json_only" time="0.007" /><testcase classname="tests.test_multi_agent_p1" name="test_schedule_overlap_note_same_file" time="0.007" /><testcase classname="tests.test_multi_agent_p1" name="test_schedule_overlap_note_different_files" time="0.007" /><testcase classname="tests.test_multi_agent_p1" name="test_format_heuristic_plan_mentions_parallel" time="0.006" /><testcase classname="tests.test_multi_agent_p1" name="test_plan_prefix_stops_at_json" time="0.008" /><testcase classname="tests.test_multi_agent_p1" name="test_plan_prefix_stops_at_lone_bracket" time="0.007" /><testcase classname="tests.test_multi_agent_p1" name="test_decompose_keeps_llm_two_tasks_even_if_three_files" time="0.013" /><testcase classname="tests.test_multi_agent_p1" name="test_event_driven_dag_starts_unblocked_before_slow_sibling" time="0.148" /><testcase classname="tests.test_multi_agent_p1" name="test_same_scope_tasks_do_not_overlap" time="0.137" /><testcase classname="tests.test_multi_agent_p1" name="test_task_timeout_marks_failed" time="1.014" /><testcase classname="tests.test_multi_agent_p1" name="test_batch_abort_stops_running_task" time="0.122" /><testcase classname="tests.test_multi_agent_p1" name="test_repair_task_graph_drops_bad_edges_and_caps" time="0.007" /><testcase classname="tests.test_multi_agent_p1" name="test_checkpoint_is_per_session" time="0.045" /><testcase classname="tests.test_multi_agent_p1" name="test_batch_whitelist_frozen_across_tasks" time="0.007" /><testcase classname="tests.test_multi_agent_p1" name="test_write_store_syntax_incremental" time="0.038" /><testcase classname="tests.test_multi_agent_p1" name="test_write_store_rejects_missing_read" time="0.010" /><testcase classname="tests.test_multi_agent_p1" name="test_empty_scope_tasks_do_not_overlap" time="0.144" /><testcase classname="tests.test_multi_agent_p1" name="test_upstream_handoff_injected_into_prompt" time="0.027" /><testcase classname="tests.test_multi_agent_p1" name="test_prepare_for_resume_interrupted_pending_gets_hint" time="0.011" /><testcase classname="tests.test_multi_agent_p1" name="test_failed_batch_keeps_checkpoint_for_retry" time="0.048" /><testcase classname="tests.test_multi_agent_p1" name="test_prepare_for_resume_skips_non_retryable_failed" time="0.014" /><testcase classname="tests.test_multi_agent_p1" name="test_repair_task_graph_breaks_cycle_without_clearing_all" time="0.008" /><testcase classname="tests.test_multi_agent_p1" name="test_journal_prefix_matches_relative_vs_absolute" time="0.024" /><testcase classname="tests.test_multi_agent_p1" name="test_batch_abort_leaves_interrupted_pending" time="0.164" /><testcase classname="tests.test_multi_agent_p1" name="test_write_store_crlf_file_roundtrip" time="0.045" /><testcase classname="tests.test_multi_agent_p1" name="test_write_store_lf_not_translated_on_windows" time="0.017" /><testcase classname="tests.test_multi_agent_p1" name="test_write_store_edit_op_applies_to_crlf" time="0.020" /><testcase classname="tests.test_multi_agent_p1" name="test_write_store_utf16_encoding_preserved" time="0.023" /><testcase classname="tests.test_multi_agent_p1_toolpath" name="test_p1_subagent_system_omits_xeyo_md" time="0.031" /><testcase classname="tests.test_multi_agent_p1_toolpath" name="test_p1_three_agents_partition_as_one_concurrent_batch" time="0.007" /><testcase classname="tests.test_multi_agent_p1_toolpath" name="test_p1_agent_then_write_splits_batches" time="0.008" /><testcase classname="tests.test_multi_agent_p1_toolpath" name="test_p1_chip_hint_and_description_encourage_parallel_spawn" time="0.007" /><testcase classname="tests.test_multi_agent_p1_toolpath" name="test_p1_run_subagent_passes_slim_flags" time="0.015" /><testcase classname="tests.test_multi_agent_p2_agent_ops" name="test_live_agent_abort_isolated" time="0.009" /><testcase classname="tests.test_multi_agent_p2_agent_ops" name="test_clear_sidechain_removes_transcript" time="0.012" /><testcase classname="tests.test_multi_agent_p2_agent_ops" name="test_upsert_meta_marks_empty_scope_readonly" time="0.037" /><testcase classname="tests.test_multi_agent_p2_agent_ops" name="test_agent_tool_metrics_roundtrip" time="0.020" /><testcase classname="tests.test_multi_agent_stream_flush" name="test_legacy_multi_agent_stream_removed" time="0.009" /><testcase classname="tests.test_multi_agent_stream_flush" name="test_chat_completions_never_calls_legacy_stream" time="0.007" /><testcase classname="tests.test_multiagent_hardening" name="test_single_task_crash_becomes_visible_failed_not_raise" time="0.026" /><testcase classname="tests.test_multiagent_hardening" name="test_multi_task_crash_marks_every_failing_task_and_survives" time="0.025" /><testcase classname="tests.test_multiagent_hardening" name="test_missing_runtime_reports_not_configured" time="0.021" /><testcase classname="tests.test_multiagent_hardening" name="test_agent_ids_pregeneration_used_for_failed_tasks" time="0.036" /><testcase classname="tests.test_multiagent_hardening" name="test_progress_events_emitted_started_and_finished" time="0.022" /><testcase classname="tests.test_multiagent_hardening" name="test_broken_sink_never_breaks_batch" time="0.024" /><testcase classname="tests.test_nightshift" name="test_no_lock_skips" time="0.022" /></testsuite></testsuites>